d:\vsproject\sudoku\sudoku\debug\vc141.pdb
d:\vsproject\sudoku\sudoku\debug\vc141.idb
d:\vsproject\sudoku\sudoku\debug\main.obj
d:\vsproject\sudoku\sudoku\debug\sudokugenerate.obj
d:\vsproject\sudoku\sudoku\debug\sudoku.pdb
d:\vsproject\sudoku\sudoku\debug\sudoku.idb
d:\vsproject\sudoku\debug\sudoku.lib
d:\vsproject\sudoku\debug\sudoku.exe
d:\vsproject\sudoku\debug\sudoku.pdb
d:\vsproject\sudoku\debug\sudoku.exp
d:\vsproject\sudoku\sudoku\debug\sudoku.tlog\cl.command.1.tlog
d:\vsproject\sudoku\sudoku\debug\sudoku.tlog\cl.read.1.tlog
d:\vsproject\sudoku\sudoku\debug\sudoku.tlog\cl.write.1.tlog
d:\vsproject\sudoku\sudoku\debug\sudoku.tlog\lib-link.read.1.tlog
d:\vsproject\sudoku\sudoku\debug\sudoku.tlog\lib-link.write.1.tlog
d:\vsproject\sudoku\sudoku\debug\sudoku.tlog\lib.command.1.tlog
d:\vsproject\sudoku\sudoku\debug\sudoku.tlog\link.command.1.tlog
d:\vsproject\sudoku\sudoku\debug\sudoku.tlog\link.read.1.tlog
d:\vsproject\sudoku\sudoku\debug\sudoku.tlog\link.write.1.tlog
d:\vsproject\sudoku\sudoku\debug\sudoku.tlog\sudoku.write.1u.tlog
